<?xml version="1.0" encoding="UTF-8"?>
<!-- Generated by org.testng.reporters.JUnitReportReporter -->
<testsuite skipped="0" hostname="sachin4597-01" name="com.autothon.tests.LoginScreen" tests="1" failures="0" timestamp="25 Apr 2019 03:35:44 GMT" time="6.523" errors="0">
  <testcase name="tc001_LoginToApplication" time="6.523" classname="com.autothon.tests.LoginScreen"/>
</testsuite> <!-- com.autothon.tests.LoginScreen -->
